====================================================================================================
Training...
====================================================================================================
[Threshold Tuning]
[Threshold:0.005]
===> TP: 59 -- TN: 0 -- FP: 16 -- FN: 0 F1 0.880597
[Threshold:0.01]
===> TP: 58 -- TN: 0 -- FP: 16 -- FN: 1 F1 0.872180
[Threshold:0.015]
===> TP: 58 -- TN: 0 -- FP: 16 -- FN: 1 F1 0.872180
[Threshold:0.02]
===> TP: 58 -- TN: 0 -- FP: 16 -- FN: 1 F1 0.872180
[Threshold:0.025]
===> TP: 58 -- TN: 0 -- FP: 16 -- FN: 1 F1 0.872180
[Threshold:0.03]
===> TP: 58 -- TN: 0 -- FP: 16 -- FN: 1 F1 0.872180
[Threshold:0.035]
===> TP: 58 -- TN: 0 -- FP: 16 -- FN: 1 F1 0.872180
[Threshold:0.04]
===> TP: 57 -- TN: 0 -- FP: 16 -- FN: 2 F1 0.863636
[Threshold:0.045]
===> TP: 57 -- TN: 0 -- FP: 16 -- FN: 2 F1 0.863636
[Threshold:0.05]
===> TP: 57 -- TN: 0 -- FP: 16 -- FN: 2 F1 0.863636
[Threshold:0.055]
===> TP: 56 -- TN: 0 -- FP: 16 -- FN: 3 F1 0.854962
[Threshold:0.06]
===> TP: 55 -- TN: 0 -- FP: 16 -- FN: 4 F1 0.846154
[Threshold:0.065]
===> TP: 55 -- TN: 0 -- FP: 16 -- FN: 4 F1 0.846154
[Threshold:0.07]
===> TP: 55 -- TN: 0 -- FP: 16 -- FN: 4 F1 0.846154
[Threshold:0.075]
===> TP: 55 -- TN: 0 -- FP: 16 -- FN: 4 F1 0.846154
[Threshold:0.08]
===> TP: 55 -- TN: 0 -- FP: 16 -- FN: 4 F1 0.846154
[Threshold:0.085]
===> TP: 55 -- TN: 0 -- FP: 16 -- FN: 4 F1 0.846154
[Threshold:0.09]
===> TP: 54 -- TN: 0 -- FP: 16 -- FN: 5 F1 0.837209
[Threshold:0.095]
===> TP: 54 -- TN: 0 -- FP: 16 -- FN: 5 F1 0.837209
[Threshold:0.1]
===> TP: 54 -- TN: 1 -- FP: 15 -- FN: 5 F1 0.843750
[Threshold:0.105]
===> TP: 54 -- TN: 1 -- FP: 15 -- FN: 5 F1 0.843750
[Threshold:0.11]
===> TP: 54 -- TN: 1 -- FP: 15 -- FN: 5 F1 0.843750
[Threshold:0.115]
===> TP: 54 -- TN: 1 -- FP: 15 -- FN: 5 F1 0.843750
[Threshold:0.12]
===> TP: 54 -- TN: 1 -- FP: 15 -- FN: 5 F1 0.843750
[Threshold:0.125]
===> TP: 54 -- TN: 1 -- FP: 15 -- FN: 5 F1 0.843750
[Threshold:0.13]
===> TP: 54 -- TN: 1 -- FP: 15 -- FN: 5 F1 0.843750
[Threshold:0.135]
===> TP: 54 -- TN: 1 -- FP: 15 -- FN: 5 F1 0.843750
[Threshold:0.14]
===> TP: 54 -- TN: 2 -- FP: 14 -- FN: 5 F1 0.850394
[Threshold:0.145]
===> TP: 54 -- TN: 2 -- FP: 14 -- FN: 5 F1 0.850394
[Threshold:0.15]
===> TP: 53 -- TN: 2 -- FP: 14 -- FN: 6 F1 0.841270
[Threshold:0.155]
===> TP: 53 -- TN: 2 -- FP: 14 -- FN: 6 F1 0.841270
[Threshold:0.16]
===> TP: 53 -- TN: 2 -- FP: 14 -- FN: 6 F1 0.841270
[Threshold:0.165]
===> TP: 53 -- TN: 2 -- FP: 14 -- FN: 6 F1 0.841270
[Threshold:0.17]
===> TP: 52 -- TN: 2 -- FP: 14 -- FN: 7 F1 0.832000
[Threshold:0.175]
===> TP: 52 -- TN: 2 -- FP: 14 -- FN: 7 F1 0.832000
[Threshold:0.18]
===> TP: 52 -- TN: 2 -- FP: 14 -- FN: 7 F1 0.832000
[Threshold:0.185]
===> TP: 52 -- TN: 2 -- FP: 14 -- FN: 7 F1 0.832000
[Threshold:0.19]
===> TP: 52 -- TN: 2 -- FP: 14 -- FN: 7 F1 0.832000
[Threshold:0.195]
===> TP: 52 -- TN: 2 -- FP: 14 -- FN: 7 F1 0.832000
[Threshold:0.2]
===> TP: 52 -- TN: 2 -- FP: 14 -- FN: 7 F1 0.832000
[Threshold:0.205]
===> TP: 52 -- TN: 2 -- FP: 14 -- FN: 7 F1 0.832000
[Threshold:0.21]
===> TP: 51 -- TN: 2 -- FP: 14 -- FN: 8 F1 0.822581
[Threshold:0.215]
===> TP: 51 -- TN: 2 -- FP: 14 -- FN: 8 F1 0.822581
[Threshold:0.22]
===> TP: 51 -- TN: 2 -- FP: 14 -- FN: 8 F1 0.822581
[Threshold:0.225]
===> TP: 51 -- TN: 2 -- FP: 14 -- FN: 8 F1 0.822581
[Threshold:0.23]
===> TP: 51 -- TN: 2 -- FP: 14 -- FN: 8 F1 0.822581
[Threshold:0.235]
===> TP: 51 -- TN: 2 -- FP: 14 -- FN: 8 F1 0.822581
[Threshold:0.24]
===> TP: 51 -- TN: 2 -- FP: 14 -- FN: 8 F1 0.822581
[Threshold:0.245]
===> TP: 50 -- TN: 2 -- FP: 14 -- FN: 9 F1 0.813008
[Threshold:0.25]
===> TP: 50 -- TN: 2 -- FP: 14 -- FN: 9 F1 0.813008
[Threshold:0.255]
===> TP: 50 -- TN: 2 -- FP: 14 -- FN: 9 F1 0.813008
[Threshold:0.26]
===> TP: 50 -- TN: 2 -- FP: 14 -- FN: 9 F1 0.813008
[Threshold:0.265]
===> TP: 50 -- TN: 2 -- FP: 14 -- FN: 9 F1 0.813008
[Threshold:0.27]
===> TP: 50 -- TN: 3 -- FP: 13 -- FN: 9 F1 0.819672
[Threshold:0.275]
===> TP: 50 -- TN: 3 -- FP: 13 -- FN: 9 F1 0.819672
[Threshold:0.28]
===> TP: 50 -- TN: 3 -- FP: 13 -- FN: 9 F1 0.819672
[Threshold:0.285]
===> TP: 50 -- TN: 3 -- FP: 13 -- FN: 9 F1 0.819672
[Threshold:0.29]
===> TP: 50 -- TN: 3 -- FP: 13 -- FN: 9 F1 0.819672
[Threshold:0.295]
===> TP: 50 -- TN: 3 -- FP: 13 -- FN: 9 F1 0.819672
[Threshold:0.3]
===> TP: 50 -- TN: 3 -- FP: 13 -- FN: 9 F1 0.819672
[Threshold:0.305]
===> TP: 49 -- TN: 3 -- FP: 13 -- FN: 10 F1 0.809917
[Threshold:0.31]
===> TP: 49 -- TN: 3 -- FP: 13 -- FN: 10 F1 0.809917
[Threshold:0.315]
===> TP: 49 -- TN: 3 -- FP: 13 -- FN: 10 F1 0.809917
[Threshold:0.32]
===> TP: 48 -- TN: 5 -- FP: 11 -- FN: 11 F1 0.813559
[Threshold:0.325]
===> TP: 48 -- TN: 5 -- FP: 11 -- FN: 11 F1 0.813559
[Threshold:0.33]
===> TP: 48 -- TN: 6 -- FP: 10 -- FN: 11 F1 0.820513
[Threshold:0.335]
===> TP: 48 -- TN: 6 -- FP: 10 -- FN: 11 F1 0.820513
[Threshold:0.34]
===> TP: 48 -- TN: 6 -- FP: 10 -- FN: 11 F1 0.820513
[Threshold:0.345]
===> TP: 48 -- TN: 6 -- FP: 10 -- FN: 11 F1 0.820513
[Threshold:0.35]
===> TP: 48 -- TN: 7 -- FP: 9 -- FN: 11 F1 0.827586
[Threshold:0.355]
===> TP: 48 -- TN: 7 -- FP: 9 -- FN: 11 F1 0.827586
[Threshold:0.36]
===> TP: 48 -- TN: 7 -- FP: 9 -- FN: 11 F1 0.827586
[Threshold:0.365]
===> TP: 48 -- TN: 7 -- FP: 9 -- FN: 11 F1 0.827586
[Threshold:0.37]
===> TP: 48 -- TN: 7 -- FP: 9 -- FN: 11 F1 0.827586
[Threshold:0.375]
===> TP: 48 -- TN: 7 -- FP: 9 -- FN: 11 F1 0.827586
[Threshold:0.38]
===> TP: 47 -- TN: 7 -- FP: 9 -- FN: 12 F1 0.817391
[Threshold:0.385]
===> TP: 47 -- TN: 7 -- FP: 9 -- FN: 12 F1 0.817391
[Threshold:0.39]
===> TP: 47 -- TN: 8 -- FP: 8 -- FN: 12 F1 0.824561
[Threshold:0.395]
===> TP: 47 -- TN: 8 -- FP: 8 -- FN: 12 F1 0.824561
[Threshold:0.4]
===> TP: 47 -- TN: 8 -- FP: 8 -- FN: 12 F1 0.824561
[Threshold:0.405]
===> TP: 47 -- TN: 8 -- FP: 8 -- FN: 12 F1 0.824561
[Threshold:0.41]
===> TP: 47 -- TN: 8 -- FP: 8 -- FN: 12 F1 0.824561
[Threshold:0.415]
===> TP: 47 -- TN: 8 -- FP: 8 -- FN: 12 F1 0.824561
[Threshold:0.42]
===> TP: 47 -- TN: 8 -- FP: 8 -- FN: 12 F1 0.824561
[Threshold:0.425]
===> TP: 47 -- TN: 8 -- FP: 8 -- FN: 12 F1 0.824561
[Threshold:0.43]
===> TP: 47 -- TN: 8 -- FP: 8 -- FN: 12 F1 0.824561
[Threshold:0.435]
===> TP: 47 -- TN: 8 -- FP: 8 -- FN: 12 F1 0.824561
[Threshold:0.44]
===> TP: 47 -- TN: 8 -- FP: 8 -- FN: 12 F1 0.824561
[Threshold:0.445]
===> TP: 47 -- TN: 8 -- FP: 8 -- FN: 12 F1 0.824561
[Threshold:0.45]
===> TP: 47 -- TN: 8 -- FP: 8 -- FN: 12 F1 0.824561
[Threshold:0.455]
===> TP: 47 -- TN: 8 -- FP: 8 -- FN: 12 F1 0.824561
[Threshold:0.46]
===> TP: 47 -- TN: 8 -- FP: 8 -- FN: 12 F1 0.824561
[Threshold:0.465]
===> TP: 47 -- TN: 8 -- FP: 8 -- FN: 12 F1 0.824561
[Threshold:0.47]
===> TP: 47 -- TN: 8 -- FP: 8 -- FN: 12 F1 0.824561
[Threshold:0.475]
===> TP: 47 -- TN: 8 -- FP: 8 -- FN: 12 F1 0.824561
[Threshold:0.48]
===> TP: 47 -- TN: 8 -- FP: 8 -- FN: 12 F1 0.824561
[Threshold:0.485]
===> TP: 47 -- TN: 10 -- FP: 6 -- FN: 12 F1 0.839286
[Threshold:0.49]
===> TP: 47 -- TN: 10 -- FP: 6 -- FN: 12 F1 0.839286
[Threshold:0.495]
===> TP: 47 -- TN: 10 -- FP: 6 -- FN: 12 F1 0.839286
[Threshold:0.5]
===> TP: 47 -- TN: 10 -- FP: 6 -- FN: 12 F1 0.839286
[Threshold:0.505]
===> TP: 47 -- TN: 10 -- FP: 6 -- FN: 12 F1 0.839286
[Threshold:0.51]
===> TP: 47 -- TN: 10 -- FP: 6 -- FN: 12 F1 0.839286
[Threshold:0.515]
===> TP: 47 -- TN: 10 -- FP: 6 -- FN: 12 F1 0.839286
[Threshold:0.52]
===> TP: 47 -- TN: 10 -- FP: 6 -- FN: 12 F1 0.839286
[Threshold:0.525]
===> TP: 47 -- TN: 10 -- FP: 6 -- FN: 12 F1 0.839286
[Threshold:0.53]
===> TP: 47 -- TN: 11 -- FP: 5 -- FN: 12 F1 0.846847
[Threshold:0.535]
===> TP: 47 -- TN: 11 -- FP: 5 -- FN: 12 F1 0.846847
[Threshold:0.54]
===> TP: 46 -- TN: 11 -- FP: 5 -- FN: 13 F1 0.836364
[Threshold:0.545]
===> TP: 46 -- TN: 12 -- FP: 4 -- FN: 13 F1 0.844037
[Threshold:0.55]
===> TP: 46 -- TN: 13 -- FP: 3 -- FN: 13 F1 0.851852
[Threshold:0.555]
===> TP: 46 -- TN: 13 -- FP: 3 -- FN: 13 F1 0.851852
[Threshold:0.56]
===> TP: 46 -- TN: 13 -- FP: 3 -- FN: 13 F1 0.851852
[Threshold:0.565]
===> TP: 46 -- TN: 13 -- FP: 3 -- FN: 13 F1 0.851852
[Threshold:0.57]
===> TP: 46 -- TN: 13 -- FP: 3 -- FN: 13 F1 0.851852
[Threshold:0.575]
===> TP: 46 -- TN: 13 -- FP: 3 -- FN: 13 F1 0.851852
[Threshold:0.58]
===> TP: 45 -- TN: 13 -- FP: 3 -- FN: 14 F1 0.841121
[Threshold:0.585]
===> TP: 45 -- TN: 13 -- FP: 3 -- FN: 14 F1 0.841121
[Threshold:0.59]
===> TP: 45 -- TN: 13 -- FP: 3 -- FN: 14 F1 0.841121
[Threshold:0.595]
===> TP: 44 -- TN: 13 -- FP: 3 -- FN: 15 F1 0.830189
[Threshold:0.6]
===> TP: 44 -- TN: 13 -- FP: 3 -- FN: 15 F1 0.830189
[Threshold:0.605]
===> TP: 44 -- TN: 13 -- FP: 3 -- FN: 15 F1 0.830189
[Threshold:0.61]
===> TP: 44 -- TN: 13 -- FP: 3 -- FN: 15 F1 0.830189
[Threshold:0.615]
===> TP: 44 -- TN: 13 -- FP: 3 -- FN: 15 F1 0.830189
[Threshold:0.62]
===> TP: 43 -- TN: 13 -- FP: 3 -- FN: 16 F1 0.819048
[Threshold:0.625]
===> TP: 43 -- TN: 13 -- FP: 3 -- FN: 16 F1 0.819048
[Threshold:0.63]
===> TP: 43 -- TN: 13 -- FP: 3 -- FN: 16 F1 0.819048
[Threshold:0.635]
===> TP: 43 -- TN: 13 -- FP: 3 -- FN: 16 F1 0.819048
[Threshold:0.64]
===> TP: 43 -- TN: 13 -- FP: 3 -- FN: 16 F1 0.819048
[Threshold:0.645]
===> TP: 43 -- TN: 13 -- FP: 3 -- FN: 16 F1 0.819048
[Threshold:0.65]
===> TP: 43 -- TN: 13 -- FP: 3 -- FN: 16 F1 0.819048
[Threshold:0.655]
===> TP: 42 -- TN: 13 -- FP: 3 -- FN: 17 F1 0.807692
[Threshold:0.66]
===> TP: 42 -- TN: 13 -- FP: 3 -- FN: 17 F1 0.807692
[Threshold:0.665]
===> TP: 42 -- TN: 13 -- FP: 3 -- FN: 17 F1 0.807692
[Threshold:0.67]
===> TP: 42 -- TN: 13 -- FP: 3 -- FN: 17 F1 0.807692
[Threshold:0.675]
===> TP: 42 -- TN: 13 -- FP: 3 -- FN: 17 F1 0.807692
[Threshold:0.68]
===> TP: 42 -- TN: 13 -- FP: 3 -- FN: 17 F1 0.807692
[Threshold:0.685]
===> TP: 41 -- TN: 14 -- FP: 2 -- FN: 18 F1 0.803922
[Threshold:0.69]
===> TP: 41 -- TN: 14 -- FP: 2 -- FN: 18 F1 0.803922
[Threshold:0.695]
===> TP: 41 -- TN: 14 -- FP: 2 -- FN: 18 F1 0.803922
[Threshold:0.7]
===> TP: 41 -- TN: 14 -- FP: 2 -- FN: 18 F1 0.803922
[Threshold:0.705]
===> TP: 41 -- TN: 14 -- FP: 2 -- FN: 18 F1 0.803922
[Threshold:0.71]
===> TP: 41 -- TN: 14 -- FP: 2 -- FN: 18 F1 0.803922
[Threshold:0.715]
===> TP: 41 -- TN: 14 -- FP: 2 -- FN: 18 F1 0.803922
[Threshold:0.72]
===> TP: 40 -- TN: 14 -- FP: 2 -- FN: 19 F1 0.792079
[Threshold:0.725]
===> TP: 39 -- TN: 14 -- FP: 2 -- FN: 20 F1 0.780000
[Threshold:0.73]
===> TP: 39 -- TN: 14 -- FP: 2 -- FN: 20 F1 0.780000
[Threshold:0.735]
===> TP: 39 -- TN: 14 -- FP: 2 -- FN: 20 F1 0.780000
[Threshold:0.74]
===> TP: 39 -- TN: 14 -- FP: 2 -- FN: 20 F1 0.780000
[Threshold:0.745]
===> TP: 39 -- TN: 14 -- FP: 2 -- FN: 20 F1 0.780000
[Threshold:0.75]
===> TP: 39 -- TN: 14 -- FP: 2 -- FN: 20 F1 0.780000
[Threshold:0.755]
===> TP: 39 -- TN: 14 -- FP: 2 -- FN: 20 F1 0.780000
[Threshold:0.76]
===> TP: 39 -- TN: 14 -- FP: 2 -- FN: 20 F1 0.780000
[Threshold:0.765]
===> TP: 39 -- TN: 14 -- FP: 2 -- FN: 20 F1 0.780000
[Threshold:0.77]
===> TP: 39 -- TN: 14 -- FP: 2 -- FN: 20 F1 0.780000
[Threshold:0.775]
===> TP: 38 -- TN: 14 -- FP: 2 -- FN: 21 F1 0.767677
[Threshold:0.78]
===> TP: 38 -- TN: 14 -- FP: 2 -- FN: 21 F1 0.767677
[Threshold:0.785]
===> TP: 36 -- TN: 14 -- FP: 2 -- FN: 23 F1 0.742268
[Threshold:0.79]
===> TP: 35 -- TN: 14 -- FP: 2 -- FN: 24 F1 0.729167
[Threshold:0.795]
===> TP: 35 -- TN: 14 -- FP: 2 -- FN: 24 F1 0.729167
[Threshold:0.8]
===> TP: 35 -- TN: 14 -- FP: 2 -- FN: 24 F1 0.729167
[Threshold:0.805]
===> TP: 33 -- TN: 15 -- FP: 1 -- FN: 26 F1 0.709677
[Threshold:0.81]
===> TP: 33 -- TN: 15 -- FP: 1 -- FN: 26 F1 0.709677
[Threshold:0.815]
===> TP: 32 -- TN: 15 -- FP: 1 -- FN: 27 F1 0.695652
[Threshold:0.82]
===> TP: 32 -- TN: 15 -- FP: 1 -- FN: 27 F1 0.695652
[Threshold:0.825]
===> TP: 30 -- TN: 15 -- FP: 1 -- FN: 29 F1 0.666667
[Threshold:0.83]
===> TP: 26 -- TN: 15 -- FP: 1 -- FN: 33 F1 0.604651
[Threshold:0.835]
===> TP: 26 -- TN: 15 -- FP: 1 -- FN: 33 F1 0.604651
[Threshold:0.84]
===> TP: 26 -- TN: 15 -- FP: 1 -- FN: 33 F1 0.604651
[Threshold:0.845]
===> TP: 25 -- TN: 15 -- FP: 1 -- FN: 34 F1 0.588235
[Threshold:0.85]
===> TP: 25 -- TN: 15 -- FP: 1 -- FN: 34 F1 0.588235
[Threshold:0.855]
===> TP: 23 -- TN: 15 -- FP: 1 -- FN: 36 F1 0.554217
[Threshold:0.86]
===> TP: 23 -- TN: 15 -- FP: 1 -- FN: 36 F1 0.554217
[Threshold:0.865]
===> TP: 23 -- TN: 15 -- FP: 1 -- FN: 36 F1 0.554217
[Threshold:0.87]
===> TP: 22 -- TN: 15 -- FP: 1 -- FN: 37 F1 0.536585
[Threshold:0.875]
===> TP: 21 -- TN: 15 -- FP: 1 -- FN: 38 F1 0.518519
[Threshold:0.88]
===> TP: 21 -- TN: 15 -- FP: 1 -- FN: 38 F1 0.518519
[Threshold:0.885]
===> TP: 20 -- TN: 15 -- FP: 1 -- FN: 39 F1 0.500000
[Threshold:0.89]
===> TP: 20 -- TN: 15 -- FP: 1 -- FN: 39 F1 0.500000
[Threshold:0.895]
===> TP: 17 -- TN: 15 -- FP: 1 -- FN: 42 F1 0.441558
[Threshold:0.9]
===> TP: 17 -- TN: 15 -- FP: 1 -- FN: 42 F1 0.441558
[Threshold:0.905]
===> TP: 17 -- TN: 15 -- FP: 1 -- FN: 42 F1 0.441558
[Threshold:0.91]
===> TP: 17 -- TN: 15 -- FP: 1 -- FN: 42 F1 0.441558
[Threshold:0.915]
===> TP: 17 -- TN: 15 -- FP: 1 -- FN: 42 F1 0.441558
[Threshold:0.92]
===> TP: 16 -- TN: 15 -- FP: 1 -- FN: 43 F1 0.421053
[Threshold:0.925]
===> TP: 15 -- TN: 15 -- FP: 1 -- FN: 44 F1 0.400000
[Threshold:0.93]
===> TP: 13 -- TN: 16 -- FP: 0 -- FN: 46 F1 0.361111
[Threshold:0.935]
===> TP: 13 -- TN: 16 -- FP: 0 -- FN: 46 F1 0.361111
[Threshold:0.94]
===> TP: 12 -- TN: 16 -- FP: 0 -- FN: 47 F1 0.338028
[Threshold:0.945]
===> TP: 11 -- TN: 16 -- FP: 0 -- FN: 48 F1 0.314286
[Threshold:0.95]
===> TP: 9 -- TN: 16 -- FP: 0 -- FN: 50 F1 0.264706
[Threshold:0.955]
===> TP: 7 -- TN: 16 -- FP: 0 -- FN: 52 F1 0.212121
[Threshold:0.96]
===> TP: 7 -- TN: 16 -- FP: 0 -- FN: 52 F1 0.212121
[Threshold:0.965]
===> TP: 6 -- TN: 16 -- FP: 0 -- FN: 53 F1 0.184615
[Threshold:0.97]
===> TP: 6 -- TN: 16 -- FP: 0 -- FN: 53 F1 0.184615
[Threshold:0.975]
===> TP: 5 -- TN: 16 -- FP: 0 -- FN: 54 F1 0.156250
[Threshold:0.98]
===> TP: 5 -- TN: 16 -- FP: 0 -- FN: 54 F1 0.156250
[Threshold:0.985]
===> TP: 5 -- TN: 16 -- FP: 0 -- FN: 54 F1 0.156250
[Threshold:0.99]
===> TP: 3 -- TN: 16 -- FP: 0 -- FN: 56 F1 0.096774
[Threshold:0.995]
===> TP: 2 -- TN: 16 -- FP: 0 -- FN: 57 F1 0.065574
real positive: 59, real negative: 16
positive: 53, negative: 22
Accuracy: 0.760000 -- Precision: 0.886792 -- Recall: 0.796610 -- F1: 0.839286 -- AUC: 0.762712
Accuracy: 0.760000 -- Precision: 0.886792 -- Recall: 0.796610 -- F1: 0.839286 -- AUC: 0.762712
====================================================================================================
Evaluating...
====================================================================================================
real positive: 109, real negative: 30
positive: 38, negative: 101
Accuracy: 0.460432 -- Precision: 0.947368 -- Recall: 0.330275 -- F1: 0.489796 -- AUC: 0.786544
Accuracy: 0.460432 -- Precision: 0.947368 -- Recall: 0.330275 -- F1: 0.489796 -- AUC: 0.786544
